Arguments: 
  /home/philip/.nvm/versions/node/v9.0.0/bin/node /home/philip/.yarn/bin/yarn.js run init

PATH: 
  /home/philip/.nvm/versions/node/v9.0.0/bin:/home/philip/.yarn/bin:/home/philip/.config/yarn/global/node_modules/.bin:/usr/local/sbin:/usr/local/bin:/usr/bin:/usr/bin/site_perl:/usr/bin/vendor_perl:/usr/bin/core_perl

Yarn version: 
  1.5.1

Node version: 
  9.0.0

Platform: 
  linux x64

npm manifest: 
  {
    "name": "hello",
    "version": "1.0.0",
    "main": "index.js",
    "license": "MIT",
    "scripts": {
      "init": "yarn install && node-gyp configure",
      "build": "node-gyp build"
    },
    "dependencies": {
      "bindings": "^1.3.0",
      "node-addon-api": "^1.2.0"
    }
  }

yarn manifest: 
  No manifest

Lockfile: 
  # THIS IS AN AUTOGENERATED FILE. DO NOT EDIT THIS FILE DIRECTLY.
  # yarn lockfile v1
  
  
  bindings@^1.3.0:
    version "1.3.0"
    resolved "https://registry.yarnpkg.com/bindings/-/bindings-1.3.0.tgz#b346f6ecf6a95f5a815c5839fc7cdb22502f1ed7"
  
  node-addon-api@^1.2.0:
    version "1.2.0"
    resolved "https://registry.yarnpkg.com/node-addon-api/-/node-addon-api-1.2.0.tgz#2d378bbed60cbb7b9e2c505c6833eed8723f41c4"

Trace: 
  Error: Command failed.
  Exit code: 1
  Command: sh
  Arguments: -c yarn install && node-gyp configure
  Directory: /home/philip/Files/Documents/projects/hack/grind/misc/nodenative/n-api/hello
  Output:
  
      at ProcessTermError.MessageError (/home/philip/.yarn/lib/cli.js:186:110)
      at new ProcessTermError (/home/philip/.yarn/lib/cli.js:226:113)
      at ChildProcess.<anonymous> (/home/philip/.yarn/lib/cli.js:30281:17)
      at emitTwo (events.js:135:13)
      at ChildProcess.emit (events.js:224:7)
      at maybeClose (internal/child_process.js:943:16)
      at Process.ChildProcess._handle.onexit (internal/child_process.js:220:5)
